<?xml version="1.0" encoding="UTF-8"?>
<testsuite xmlns:xsi="http://www.w3.org/2001/XMLSchema-instance" xsi:noNamespaceSchemaLocation="https://maven.apache.org/surefire/maven-surefire-plugin/xsd/surefire-test-report.xsd" name="edu.upf.TwitterFilterTest" time="0.08" tests="4" errors="0" skipped="0" failures="0">
  <properties>
[...]
</properties>
  <testcase name="parses1FieldMissing" classname="edu.upf.TwitterFilterTest" time="0.048"/>
  <testcase name="shouldAnswerWithTrue" classname="edu.upf.TwitterFilterTest" time="0"/>
  <testcase name="parsesInvalidJSON" classname="edu.upf.TwitterFilterTest" time="0"/>
  <testcase name="parsesRealTweet" classname="edu.upf.TwitterFilterTest" time="0"/>
</testsuite>